# JRE version: Java(TM) SE Runtime Environment (7.0_60-b19) (build 1.7.0_60-b19)
# Java VM: Java HotSpot(TM) 64-Bit Server VM (24.60-b09 mixed mode bsd-amd64 compressed oops)
Heap
 PSYoungGen      total 142848K, used 110980K [0x00000007aaa80000, 0x00000007bc180000, 0x0000000800000000)
  eden space 132096K, 75% used [0x00000007aaa80000,0x00000007b0c652d8,0x00000007b2b80000)
  from space 10752K, 99% used [0x00000007b2b80000,0x00000007b35fc040,0x00000007b3600000)
  to   space 10752K, 0% used [0x00000007bb700000,0x00000007bb700000,0x00000007bc180000)
 ParOldGen       total 174592K, used 6279K [0x0000000700000000, 0x000000070aa80000, 0x00000007aaa80000)
  object space 174592K, 3% used [0x0000000700000000,0x0000000700621d48,0x000000070aa80000)
 PSPermGen       total 32256K, used 31918K [0x00000006fae00000, 0x00000006fcd80000, 0x0000000700000000)
  object space 32256K, 98% used [0x00000006fae00000,0x00000006fcd2b980,0x00000006fcd80000)
GC Heap History (6 events):
Event: 1.043 GC heap before
{Heap before GC invocations=1 (full 0):
 PSYoungGen      total 76800K, used 66048K [0x00000007aaa80000, 0x00000007b0000000, 0x0000000800000000)
  eden space 66048K, 100% used [0x00000007aaa80000,0x00000007aeb00000,0x00000007aeb00000)
  from space 10752K, 0% used [0x00000007af580000,0x00000007af580000,0x00000007b0000000)
  to   space 10752K, 0% used [0x00000007aeb00000,0x00000007aeb00000,0x00000007af580000)
 ParOldGen       total 174592K, used 0K [0x0000000700000000, 0x000000070aa80000, 0x00000007aaa80000)
  object space 174592K, 0% used [0x0000000700000000,0x0000000700000000,0x000000070aa80000)
 PSPermGen       total 21504K, used 12116K [0x00000006fae00000, 0x00000006fc300000, 0x0000000700000000)
  object space 21504K, 56% used [0x00000006fae00000,0x00000006fb9d53e8,0x00000006fc300000)
Event: 1.057 GC heap after
Heap after GC invocations=1 (full 0):
 PSYoungGen      total 76800K, used 10531K [0x00000007aaa80000, 0x00000007b4080000, 0x0000000800000000)
  eden space 66048K, 0% used [0x00000007aaa80000,0x00000007aaa80000,0x00000007aeb00000)
  from space 10752K, 97% used [0x00000007aeb00000,0x00000007af548df0,0x00000007af580000)
  to   space 10752K, 0% used [0x00000007b3600000,0x00000007b3600000,0x00000007b4080000)
 ParOldGen       total 174592K, used 8K [0x0000000700000000, 0x000000070aa80000, 0x00000007aaa80000)
  object space 174592K, 0% used [0x0000000700000000,0x0000000700002000,0x000000070aa80000)
 PSPermGen       total 21504K, used 12116K [0x00000006fae00000, 0x00000006fc300000, 0x0000000700000000)
  object space 21504K, 56% used [0x00000006fae00000,0x00000006fb9d53e8,0x00000006fc300000)
}
Event: 1.879 GC heap before
{Heap before GC invocations=2 (full 0):
 PSYoungGen      total 76800K, used 76579K [0x00000007aaa80000, 0x00000007b4080000, 0x0000000800000000)
  eden space 66048K, 100% used [0x00000007aaa80000,0x00000007aeb00000,0x00000007aeb00000)
  from space 10752K, 97% used [0x00000007aeb00000,0x00000007af548df0,0x00000007af580000)
  to   space 10752K, 0% used [0x00000007b3600000,0x00000007b3600000,0x00000007b4080000)
 ParOldGen       total 174592K, used 8K [0x0000000700000000, 0x000000070aa80000, 0x00000007aaa80000)
  object space 174592K, 0% used [0x0000000700000000,0x0000000700002000,0x000000070aa80000)
 PSPermGen       total 21504K, used 14534K [0x00000006fae00000, 0x00000006fc300000, 0x0000000700000000)
  object space 21504K, 67% used [0x00000006fae00000,0x00000006fbc31928,0x00000006fc300000)
Event: 1.887 GC heap after
Heap after GC invocations=2 (full 0):
 PSYoungGen      total 142848K, used 8664K [0x00000007aaa80000, 0x00000007b4080000, 0x0000000800000000)
  eden space 132096K, 0% used [0x00000007aaa80000,0x00000007aaa80000,0x00000007b2b80000)
  from space 10752K, 80% used [0x00000007b3600000,0x00000007b3e76298,0x00000007b4080000)
  to   space 10752K, 0% used [0x00000007b2b80000,0x00000007b2b80000,0x00000007b3600000)
 ParOldGen       total 174592K, used 16K [0x0000000700000000, 0x000000070aa80000, 0x00000007aaa80000)
  object space 174592K, 0% used [0x0000000700000000,0x0000000700004000,0x000000070aa80000)
 PSPermGen       total 21504K, used 14534K [0x00000006fae00000, 0x00000006fc300000, 0x0000000700000000)
  object space 21504K, 67% used [0x00000006fae00000,0x00000006fbc31928,0x00000006fc300000)
}
Event: 3.106 GC heap before
{Heap before GC invocations=3 (full 0):
 PSYoungGen      total 142848K, used 140760K [0x00000007aaa80000, 0x00000007b4080000, 0x0000000800000000)
  eden space 132096K, 100% used [0x00000007aaa80000,0x00000007b2b80000,0x00000007b2b80000)
  from space 10752K, 80% used [0x00000007b3600000,0x00000007b3e76298,0x00000007b4080000)
  to   space 10752K, 0% used [0x00000007b2b80000,0x00000007b2b80000,0x00000007b3600000)
 ParOldGen       total 174592K, used 16K [0x0000000700000000, 0x000000070aa80000, 0x00000007aaa80000)
  object space 174592K, 0% used [0x0000000700000000,0x0000000700004000,0x000000070aa80000)
 PSPermGen       total 22016K, used 21576K [0x00000006fae00000, 0x00000006fc380000, 0x0000000700000000)
  object space 22016K, 98% used [0x00000006fae00000,0x00000006fc312080,0x00000006fc380000)
Event: 3.122 GC heap after
Heap after GC invocations=3 (full 0):
 PSYoungGen      total 142848K, used 10736K [0x00000007aaa80000, 0x00000007bc180000, 0x0000000800000000)
  eden space 132096K, 0% used [0x00000007aaa80000,0x00000007aaa80000,0x00000007b2b80000)
  from space 10752K, 99% used [0x00000007b2b80000,0x00000007b35fc040,0x00000007b3600000)
  to   space 10752K, 0% used [0x00000007bb700000,0x00000007bb700000,0x00000007bc180000)
 ParOldGen       total 174592K, used 6279K [0x0000000700000000, 0x000000070aa80000, 0x00000007aaa80000)
  object space 174592K, 3% used [0x0000000700000000,0x0000000700621d48,0x000000070aa80000)
 PSPermGen       total 22016K, used 21576K [0x00000006fae00000, 0x00000006fc380000, 0x0000000700000000)
  object space 22016K, 98% used [0x00000006fae00000,0x00000006fc312080,0x00000006fc380000)
}

